{"/Users/zp/Desktop/nightfall_phase2ceremony/serve/schemas/upload.js": {"path":"/Users/zp/Desktop/nightfall_phase2ceremony/serve/schemas/upload.js","all":false,"statementMap":{"0":{"start":{"line":1,"column":0},"end":{"line":1,"column":22}},"1":{"start":{"line":2,"column":0},"end":{"line":2,"column":0}},"2":{"start":{"line":3,"column":0},"end":{"line":3,"column":47}},"3":{"start":{"line":4,"column":0},"end":{"line":4,"column":51}},"4":{"start":{"line":5,"column":0},"end":{"line":5,"column":35}},"5":{"start":{"line":6,"column":0},"end":{"line":6,"column":3}},"6":{"start":{"line":7,"column":0},"end":{"line":7,"column":0}},"7":{"start":{"line":8,"column":0},"end":{"line":8,"column":46}},"8":{"start":{"line":9,"column":0},"end":{"line":9,"column":35}},"9":{"start":{"line":10,"column":0},"end":{"line":10,"column":3}}},"s":{"0":1,"1":1,"2":1,"3":1,"4":1,"5":1,"6":4,"7":1,"8":1,"9":1},"branchMap":{"0":{"type":"branch","line":7,"loc":{"start":{"line":7,"column":-1},"end":{"line":8,"column":24}},"locations":[{"start":{"line":7,"column":-1},"end":{"line":8,"column":24}}]}},"b":{"0":[4]},"fnMap":{"0":{"name":"get","decl":{"start":{"line":7,"column":-1},"end":{"line":8,"column":24}},"loc":{"start":{"line":7,"column":-1},"end":{"line":8,"column":24}},"line":7}},"f":{"0":4}}
,"/Users/zp/Desktop/nightfall_phase2ceremony/serve/services/latestContrib.js": {"path":"/Users/zp/Desktop/nightfall_phase2ceremony/serve/services/latestContrib.js","all":false,"statementMap":{"0":{"start":{"line":1,"column":0},"end":{"line":1,"column":26}},"1":{"start":{"line":2,"column":0},"end":{"line":2,"column":44}},"2":{"start":{"line":3,"column":0},"end":{"line":3,"column":0}},"3":{"start":{"line":4,"column":0},"end":{"line":4,"column":58}},"4":{"start":{"line":5,"column":0},"end":{"line":5,"column":26}},"5":{"start":{"line":6,"column":0},"end":{"line":6,"column":93}},"6":{"start":{"line":7,"column":0},"end":{"line":7,"column":0}},"7":{"start":{"line":8,"column":0},"end":{"line":8,"column":88}},"8":{"start":{"line":9,"column":0},"end":{"line":9,"column":83}},"9":{"start":{"line":10,"column":0},"end":{"line":10,"column":66}},"10":{"start":{"line":11,"column":0},"end":{"line":11,"column":4}},"11":{"start":{"line":12,"column":0},"end":{"line":12,"column":0}},"12":{"start":{"line":13,"column":0},"end":{"line":13,"column":95}},"13":{"start":{"line":14,"column":0},"end":{"line":14,"column":16}},"14":{"start":{"line":15,"column":0},"end":{"line":15,"column":1}}},"s":{"0":1,"1":1,"2":1,"3":1,"4":1,"5":1,"6":1,"7":1,"8":1,"9":1,"10":1,"11":1,"12":1,"13":1,"14":1},"branchMap":{"0":{"type":"branch","line":4,"loc":{"start":{"line":4,"column":29},"end":{"line":15,"column":1}},"locations":[{"start":{"line":4,"column":29},"end":{"line":15,"column":1}}]},"1":{"type":"branch","line":6,"loc":{"start":{"line":6,"column":78},"end":{"line":6,"column":88}},"locations":[{"start":{"line":6,"column":78},"end":{"line":6,"column":88}}]},"2":{"type":"branch","line":9,"loc":{"start":{"line":9,"column":64},"end":{"line":10,"column":14}},"locations":[{"start":{"line":9,"column":64},"end":{"line":10,"column":14}}]},"3":{"type":"branch","line":10,"loc":{"start":{"line":10,"column":26},"end":{"line":13,"column":14}},"locations":[{"start":{"line":10,"column":26},"end":{"line":13,"column":14}}]}},"b":{"0":[1],"1":[0],"2":[2],"3":[1]},"fnMap":{"0":{"name":"getLatestContribution","decl":{"start":{"line":4,"column":29},"end":{"line":15,"column":1}},"loc":{"start":{"line":4,"column":29},"end":{"line":15,"column":1}},"line":4}},"f":{"0":1}}
,"/Users/zp/Desktop/nightfall_phase2ceremony/serve/services/upload.js": {"path":"/Users/zp/Desktop/nightfall_phase2ceremony/serve/services/upload.js","all":false,"statementMap":{"0":{"start":{"line":1,"column":0},"end":{"line":1,"column":26}},"1":{"start":{"line":2,"column":0},"end":{"line":2,"column":44}},"2":{"start":{"line":3,"column":0},"end":{"line":3,"column":0}},"3":{"start":{"line":4,"column":0},"end":{"line":4,"column":71}},"4":{"start":{"line":5,"column":0},"end":{"line":5,"column":26}},"5":{"start":{"line":6,"column":0},"end":{"line":6,"column":24}},"6":{"start":{"line":7,"column":0},"end":{"line":7,"column":34}},"7":{"start":{"line":8,"column":0},"end":{"line":8,"column":55}},"8":{"start":{"line":9,"column":0},"end":{"line":9,"column":15}},"9":{"start":{"line":10,"column":0},"end":{"line":10,"column":4}},"10":{"start":{"line":11,"column":0},"end":{"line":11,"column":0}},"11":{"start":{"line":12,"column":0},"end":{"line":12,"column":57}},"12":{"start":{"line":13,"column":0},"end":{"line":13,"column":13}},"13":{"start":{"line":14,"column":0},"end":{"line":14,"column":1}}},"s":{"0":1,"1":1,"2":1,"3":1,"4":1,"5":1,"6":1,"7":1,"8":1,"9":1,"10":1,"11":1,"12":1,"13":1},"branchMap":{"0":{"type":"branch","line":4,"loc":{"start":{"line":4,"column":29},"end":{"line":14,"column":1}},"locations":[{"start":{"line":4,"column":29},"end":{"line":14,"column":1}}]},"1":{"type":"branch","line":8,"loc":{"start":{"line":8,"column":52},"end":{"line":9,"column":6}},"locations":[{"start":{"line":8,"column":52},"end":{"line":9,"column":6}}]}},"b":{"0":[1],"1":[0]},"fnMap":{"0":{"name":"upload","decl":{"start":{"line":4,"column":29},"end":{"line":14,"column":1}},"loc":{"start":{"line":4,"column":29},"end":{"line":14,"column":1}},"line":4}},"f":{"0":1}}
,"/Users/zp/Desktop/nightfall_phase2ceremony/serve/services/validations.js": {"path":"/Users/zp/Desktop/nightfall_phase2ceremony/serve/services/validations.js","all":false,"statementMap":{"0":{"start":{"line":1,"column":0},"end":{"line":1,"column":57}},"1":{"start":{"line":2,"column":0},"end":{"line":2,"column":31}},"2":{"start":{"line":3,"column":0},"end":{"line":3,"column":0}},"3":{"start":{"line":4,"column":0},"end":{"line":4,"column":48}},"4":{"start":{"line":5,"column":0},"end":{"line":5,"column":50}},"5":{"start":{"line":6,"column":0},"end":{"line":6,"column":43}},"6":{"start":{"line":7,"column":0},"end":{"line":7,"column":85}},"7":{"start":{"line":8,"column":0},"end":{"line":8,"column":46}},"8":{"start":{"line":9,"column":0},"end":{"line":9,"column":1}},"9":{"start":{"line":10,"column":0},"end":{"line":10,"column":0}},"10":{"start":{"line":11,"column":0},"end":{"line":11,"column":47}},"11":{"start":{"line":12,"column":0},"end":{"line":12,"column":19}},"12":{"start":{"line":13,"column":0},"end":{"line":13,"column":33}},"13":{"start":{"line":14,"column":0},"end":{"line":14,"column":20}},"14":{"start":{"line":15,"column":0},"end":{"line":15,"column":34}},"15":{"start":{"line":16,"column":0},"end":{"line":16,"column":7}},"16":{"start":{"line":17,"column":0},"end":{"line":17,"column":3}},"17":{"start":{"line":18,"column":0},"end":{"line":18,"column":9}},"18":{"start":{"line":19,"column":0},"end":{"line":19,"column":1}},"19":{"start":{"line":20,"column":0},"end":{"line":20,"column":0}},"20":{"start":{"line":21,"column":0},"end":{"line":21,"column":70}},"21":{"start":{"line":22,"column":0},"end":{"line":22,"column":28}},"22":{"start":{"line":23,"column":0},"end":{"line":23,"column":62}},"23":{"start":{"line":24,"column":0},"end":{"line":24,"column":58}},"24":{"start":{"line":25,"column":0},"end":{"line":25,"column":16}},"25":{"start":{"line":26,"column":0},"end":{"line":26,"column":4}},"26":{"start":{"line":27,"column":0},"end":{"line":27,"column":1}}},"s":{"0":1,"1":1,"2":1,"3":1,"4":1,"5":2,"6":2,"7":2,"8":1,"9":2,"10":1,"11":2,"12":2,"13":1,"14":1,"15":1,"16":1,"17":1,"18":1,"19":2,"20":1,"21":1,"22":1,"23":1,"24":1,"25":1,"26":1},"branchMap":{"0":{"type":"branch","line":5,"loc":{"start":{"line":5,"column":29},"end":{"line":9,"column":1}},"locations":[{"start":{"line":5,"column":29},"end":{"line":9,"column":1}}]},"1":{"type":"branch","line":8,"loc":{"start":{"line":8,"column":7},"end":{"line":9,"column":1}},"locations":[{"start":{"line":8,"column":7},"end":{"line":9,"column":1}}]},"2":{"type":"branch","line":10,"loc":{"start":{"line":10,"column":-1},"end":{"line":11,"column":24}},"locations":[{"start":{"line":10,"column":-1},"end":{"line":11,"column":24}}]},"3":{"type":"branch","line":11,"loc":{"start":{"line":11,"column":29},"end":{"line":19,"column":1}},"locations":[{"start":{"line":11,"column":29},"end":{"line":19,"column":1}}]},"4":{"type":"branch","line":13,"loc":{"start":{"line":13,"column":20},"end":{"line":19,"column":1}},"locations":[{"start":{"line":13,"column":20},"end":{"line":19,"column":1}}]},"5":{"type":"branch","line":20,"loc":{"start":{"line":20,"column":-1},"end":{"line":21,"column":24}},"locations":[{"start":{"line":20,"column":-1},"end":{"line":21,"column":24}}]},"6":{"type":"branch","line":21,"loc":{"start":{"line":21,"column":29},"end":{"line":27,"column":1}},"locations":[{"start":{"line":21,"column":29},"end":{"line":27,"column":1}}]}},"b":{"0":[2],"1":[1],"2":[2],"3":[2],"4":[1],"5":[2],"6":[1]},"fnMap":{"0":{"name":"get","decl":{"start":{"line":5,"column":-1},"end":{"line":5,"column":25}},"loc":{"start":{"line":5,"column":-1},"end":{"line":5,"column":25}},"line":5},"1":{"name":"beaconAuth","decl":{"start":{"line":5,"column":29},"end":{"line":9,"column":1}},"loc":{"start":{"line":5,"column":29},"end":{"line":9,"column":1}},"line":5},"2":{"name":"get","decl":{"start":{"line":10,"column":-1},"end":{"line":11,"column":24}},"loc":{"start":{"line":10,"column":-1},"end":{"line":11,"column":24}},"line":10},"3":{"name":"hasFile","decl":{"start":{"line":11,"column":29},"end":{"line":19,"column":1}},"loc":{"start":{"line":11,"column":29},"end":{"line":19,"column":1}},"line":11},"4":{"name":"get","decl":{"start":{"line":20,"column":-1},"end":{"line":21,"column":24}},"loc":{"start":{"line":20,"column":-1},"end":{"line":21,"column":24}},"line":20},"5":{"name":"validateContribution","decl":{"start":{"line":21,"column":29},"end":{"line":27,"column":1}},"loc":{"start":{"line":21,"column":29},"end":{"line":27,"column":1}},"line":21}},"f":{"0":0,"1":2,"2":2,"3":2,"4":2,"5":1}}
}
